0 info it worked if it ends with ok
1 verbose cli [ '/usr/bin/nodejs', '/usr/bin/npm', 'start' ]
2 info using npm@3.8.1
3 info using node@v4.4.0
4 verbose run-script [ 'prestart', 'start', 'poststart' ]
5 info lifecycle kurento-composite-call@6.1.1-dev~prestart: kurento-composite-call@6.1.1-dev
6 silly lifecycle kurento-composite-call@6.1.1-dev~prestart: no script for prestart, continuing
7 info lifecycle kurento-composite-call@6.1.1-dev~start: kurento-composite-call@6.1.1-dev
8 verbose lifecycle kurento-composite-call@6.1.1-dev~start: unsafe-perm in lifecycle true
9 verbose lifecycle kurento-composite-call@6.1.1-dev~start: PATH: /usr/lib/node_modules/npm/bin/node-gyp-bin:/var/kurento/KurentoExample/node_modules/.bin:/usr/bin:/usr/local/sbin:/usr/local/bin:/usr/sbin:/usr/bin:/sbin:/bin:/usr/games:/usr/local/games
10 verbose lifecycle kurento-composite-call@6.1.1-dev~start: CWD: /var/kurento/KurentoExample
11 silly lifecycle kurento-composite-call@6.1.1-dev~start: Args: [ '-c', 'node server.js' ]
12 silly lifecycle kurento-composite-call@6.1.1-dev~start: Returned: code: 1  signal: null
13 info lifecycle kurento-composite-call@6.1.1-dev~start: Failed to exec start script
14 verbose stack Error: kurento-composite-call@6.1.1-dev start: `node server.js`
14 verbose stack Exit status 1
14 verbose stack     at EventEmitter.<anonymous> (/usr/lib/node_modules/npm/lib/utils/lifecycle.js:239:16)
14 verbose stack     at emitTwo (events.js:87:13)
14 verbose stack     at EventEmitter.emit (events.js:172:7)
14 verbose stack     at ChildProcess.<anonymous> (/usr/lib/node_modules/npm/lib/utils/spawn.js:24:14)
14 verbose stack     at emitTwo (events.js:87:13)
14 verbose stack     at ChildProcess.emit (events.js:172:7)
14 verbose stack     at maybeClose (internal/child_process.js:827:16)
14 verbose stack     at Process.ChildProcess._handle.onexit (internal/child_process.js:211:5)
15 verbose pkgid kurento-composite-call@6.1.1-dev
16 verbose cwd /var/kurento/KurentoExample
17 error Linux 4.2.0-34-generic
18 error argv "/usr/bin/nodejs" "/usr/bin/npm" "start"
19 error node v4.4.0
20 error npm  v3.8.1
21 error code ELIFECYCLE
22 error kurento-composite-call@6.1.1-dev start: `node server.js`
22 error Exit status 1
23 error Failed at the kurento-composite-call@6.1.1-dev start script 'node server.js'.
23 error Make sure you have the latest version of node.js and npm installed.
23 error If you do, this is most likely a problem with the kurento-composite-call package,
23 error not with npm itself.
23 error Tell the author that this fails on your system:
23 error     node server.js
23 error You can get information on how to open an issue for this project with:
23 error     npm bugs kurento-composite-call
23 error Or if that isn't available, you can get their info via:
23 error     npm owner ls kurento-composite-call
23 error There is likely additional logging output above.
24 verbose exit [ 1, true ]
